{
  "RSpec": {
    "coverage": {
      "/Users/beccahyland/turing/3module/diagnostic/alt-fuel-finder/app/controllers/welcome_controller.rb": [
        1,
        1,
        null,
        null,
        null
      ],
      "/Users/beccahyland/turing/3module/diagnostic/alt-fuel-finder/app/controllers/application_controller.rb": [
        1,
        null,
        null,
        1,
        null
      ],
      "/Users/beccahyland/turing/3module/diagnostic/alt-fuel-finder/app/controllers/search_controller.rb": [
        1,
        1,
        1,
        null,
        null
      ],
      "/Users/beccahyland/turing/3module/diagnostic/alt-fuel-finder/app/models/station_search_result.rb": [
        1,
        1,
        1,
        1,
        null,
        null,
        1,
        null,
        10,
        1,
        null,
        null,
        1,
        null,
        1,
        1,
        null,
        null
      ],
      "/Users/beccahyland/turing/3module/diagnostic/alt-fuel-finder/app/services/alt_fuel_finder_service.rb": [
        1,
        1,
        1,
        null,
        null,
        1,
        null,
        1,
        null,
        null,
        1,
        null,
        1,
        1,
        1,
        1,
        null,
        null,
        null,
        1,
        1,
        null,
        null
      ],
      "/Users/beccahyland/turing/3module/diagnostic/alt-fuel-finder/app/models/station.rb": [
        1,
        1,
        null,
        null,
        null,
        null,
        null,
        1,
        10,
        10,
        10,
        10,
        10,
        null,
        null
      ],
      "/Users/beccahyland/turing/3module/diagnostic/alt-fuel-finder/app/helpers/application_helper.rb": [
        0,
        0
      ]
    },
    "timestamp": 1539795353
  }
}
